Build started 2018-04-13 20:17:20.
     1>Project "C:\Users\Karol\Documents\Repositories\BIAI\BIAI\TravellingSalesman\TravellingSalesman\TravellingSalesman.vcxproj" on node 2 (Build target(s)).
     1>ClCompile:
         C:\Program Files (x86)\Microsoft Visual Studio 14.0\VC\bin\CL.exe /c /Zi /nologo /W3 /WX- /sdl /O2 /Oi /Oy- /GL /D WIN32 /D NDEBUG /D _CONSOLE /D _UNICODE /D UNICODE /Gm- /EHsc /MD /GS /Gy /fp:precise /Zc:wchar_t /Zc:forScope /Zc:inline /Fo"Release\\" /Fd"Release\vc140.pdb" /Gd /TP /analyze- /errorReport:prompt ..\..\..\BIAI_CLion\IGeneticOperator.cpp ..\..\..\BIAI_CLion\main.cpp
         IGeneticOperator.cpp
     1>..\..\..\BIAI_CLion\IGeneticOperator.cpp(88): warning C4018: '<': signed/unsigned mismatch
         main.cpp
     1>..\..\..\BIAI_CLion\main.cpp(13): warning C4244: 'argument': conversion from 'time_t' to 'unsigned int', possible loss of data
       Link:
         C:\Program Files (x86)\Microsoft Visual Studio 14.0\VC\bin\link.exe /ERRORREPORT:PROMPT /OUT:"C:\Users\Karol\Documents\Repositories\BIAI\BIAI\TravellingSalesman\Release\TravellingSalesman.exe" /INCREMENTAL:NO /NOLOGO kernel32.lib user32.lib gdi32.lib winspool.lib comdlg32.lib advapi32.lib shell32.lib ole32.lib oleaut32.lib uuid.lib odbc32.lib odbccp32.lib /MANIFEST /MANIFESTUAC:"level='asInvoker' uiAccess='false'" /manifest:embed /Debug /PDB:"C:\Users\Karol\Documents\Repositories\BIAI\BIAI\TravellingSalesman\Release\TravellingSalesman.pdb" /SUBSYSTEM:CONSOLE /OPT:REF /OPT:ICF /LTCG:incremental /TLBID:1 /DYNAMICBASE /NXCOMPAT /IMPLIB:"C:\Users\Karol\Documents\Repositories\BIAI\BIAI\TravellingSalesman\Release\TravellingSalesman.lib" /MACHINE:X86 /SAFESEH Release\Chromosome.obj
         Release\GraphNode.obj
         Release\IGeneticOperator.obj
         Release\main.obj
         Generating code
         3 of 478 functions ( 0.6%) were compiled, the rest were copied from previous compilation.
           0 functions were new in current compilation
           0 functions had inline decision re-evaluated but remain unchanged
         Finished generating code
         TravellingSalesman.vcxproj -> C:\Users\Karol\Documents\Repositories\BIAI\BIAI\TravellingSalesman\Release\TravellingSalesman.exe
     1>Done Building Project "C:\Users\Karol\Documents\Repositories\BIAI\BIAI\TravellingSalesman\TravellingSalesman\TravellingSalesman.vcxproj" (Build target(s)).

Build succeeded.

Time Elapsed 00:00:01.19
