Build started 2018-04-13 23:47:48.
     1>Project "C:\Users\Karol\Documents\Repositories\BIAI\BIAI\TravellingSalesman\TravellingSalesman\TravellingSalesman.vcxproj" on node 2 (Build target(s)).
     1>ClCompile:
         C:\Program Files (x86)\Microsoft Visual Studio 14.0\VC\bin\x86_amd64\CL.exe /c /Zi /nologo /W3 /WX- /sdl /O2 /Oi /GL /D NDEBUG /D _CONSOLE /D _UNICODE /D UNICODE /Gm- /EHsc /MD /GS /Gy /fp:precise /Zc:wchar_t /Zc:forScope /Zc:inline /Fo"x64\Release\\" /Fd"x64\Release\vc140.pdb" /Gd /TP /errorReport:prompt ..\..\..\BIAI_CLion\main.cpp
         main.cpp
     1>..\..\..\BIAI_CLion\main.cpp(13): warning C4244: 'argument': conversion from 'time_t' to 'unsigned int', possible loss of data
       Link:
         C:\Program Files (x86)\Microsoft Visual Studio 14.0\VC\bin\x86_amd64\link.exe /ERRORREPORT:PROMPT /OUT:"C:\Users\Karol\Documents\Repositories\BIAI\BIAI\TravellingSalesman\x64\Release\TravellingSalesman.exe" /INCREMENTAL:NO /NOLOGO kernel32.lib user32.lib gdi32.lib winspool.lib comdlg32.lib advapi32.lib shell32.lib ole32.lib oleaut32.lib uuid.lib odbc32.lib odbccp32.lib /MANIFEST /MANIFESTUAC:"level='asInvoker' uiAccess='false'" /manifest:embed /Debug /PDB:"C:\Users\Karol\Documents\Repositories\BIAI\BIAI\TravellingSalesman\x64\Release\TravellingSalesman.pdb" /SUBSYSTEM:CONSOLE /OPT:REF /OPT:ICF /LTCG:incremental /TLBID:1 /DYNAMICBASE /NXCOMPAT /IMPLIB:"C:\Users\Karol\Documents\Repositories\BIAI\BIAI\TravellingSalesman\x64\Release\TravellingSalesman.lib" /MACHINE:X64 x64\Release\Chromosome.obj
         x64\Release\GraphNode.obj
         x64\Release\IGeneticOperator.obj
         x64\Release\main.obj
         Generating code
         1 of 582 functions ( 0.2%) were compiled, the rest were copied from previous compilation.
           0 functions were new in current compilation
           0 functions had inline decision re-evaluated but remain unchanged
         Finished generating code
         TravellingSalesman.vcxproj -> C:\Users\Karol\Documents\Repositories\BIAI\BIAI\TravellingSalesman\x64\Release\TravellingSalesman.exe
     1>Done Building Project "C:\Users\Karol\Documents\Repositories\BIAI\BIAI\TravellingSalesman\TravellingSalesman\TravellingSalesman.vcxproj" (Build target(s)).

Build succeeded.

Time Elapsed 00:00:00.94
